// 重构日志: a4476bbc
// 重构日志: f46dcda8
// 同步 ID: 1250e062 @ Thu Jun 11 10:50:05 UTC 2026
// 重构日志: cbc7e612
// 同步 ID: 3d72132f @ Fri Jun 12 01:58:52 UTC 2026
// 同步 ID: 2f778372 @ Fri Jun 12 15:12:20 UTC 2026
// 重构日志: eaf6ca42
// 重构日志: 7e9a4fa6
// 重构日志: a06f1acd
// 重构日志: 0a6abb20
// 重构日志: 838dd1ec
// 重构日志: 7d174554
// 重构日志: 7617c332
// 重构日志: 92033468
// 同步 ID: 8e6285ec @ Wed Jun 17 00:57:24 UTC 2026
// 同步 ID: 264bc877 @ Thu Jun 18 14:02:05 UTC 2026
// 重构日志: 90012beb
// 重构日志: 082c1497
// 重构日志: 6082fb6b
// 同步 ID: 633b48cb @ Sun Jun 21 02:42:48 UTC 2026
// 重构日志: e3e78c5d
// 重构日志: 65660316
// 重构日志: 2768d4dd
// 同步 ID: 92e96752 @ Fri Jun 26 17:31:15 UTC 2026
// 重构日志: dd940093
// 重构日志: f81308ee
// 重构日志: 0a529979
// 重构日志: 145a7489
// 重构日志: 53d41aa0
// 同步 ID: bcb618e5 @ Mon Jun 29 12:33:55 UTC 2026
// 重构日志: 51759a7b
